CRITICAL - 2025-01-01 08:51:43 --> ErrorException: Undefined property: stdClass::$Username
[Method: GET, Route: admin/profile]
in APPPATH\Views\backend\pages\profile.php on line 68.
 1 APPPATH\Views\backend\pages\profile.php(68): CodeIgniter\Debug\Exceptions->errorHandler(2, 'Undefined property: stdClass::$Username', 'C:\\xampp\\htdocs\\wisata-tegal\\app\\Views\\backend\\pages\\profile.php', 68)
 2 SYSTEMPATH\View\View.php(234): include('C:\\xampp\\htdocs\\wisata-tegal\\app\\Views\\backend\\pages\\profile.php')
 3 SYSTEMPATH\View\View.php(237): CodeIgniter\View\View->CodeIgniter\View\{closure}()
 4 SYSTEMPATH\Common.php(1171): CodeIgniter\View\View->render('backend/pages/profile', [], true)
 5 APPPATH\Controllers\AdminController.php(30): view('backend/pages/profile', [...])
 6 SYSTEMPATH\CodeIgniter.php(933): App\Controllers\AdminController->profile()
 7 SYSTEMPATH\CodeIgniter.php(509): CodeIgniter\CodeIgniter->runController(Object(App\Controllers\AdminController))
 8 SYSTEMPATH\CodeIgniter.php(355): CodeIgniter\CodeIgniter->handleRequest(null, Object(Config\Cache), false)
 9 SYSTEMPATH\Boot.php(325): CodeIgniter\CodeIgniter->run()
10 SYSTEMPATH\Boot.php(67): CodeIgniter\Boot::runCodeIgniter(Object(CodeIgniter\CodeIgniter))
11 FCPATH\index.php(56): CodeIgniter\Boot::bootWeb(Object(Config\Paths))
12 SYSTEMPATH\rewrite.php(44): require_once('C:\\xampp\\htdocs\\wisata-tegal\\public\\index.php')
CRITICAL - 2025-01-01 08:51:48 --> ErrorException: Undefined property: stdClass::$Username
[Method: GET, Route: admin/profile]
in APPPATH\Views\backend\pages\profile.php on line 68.
 1 APPPATH\Views\backend\pages\profile.php(68): CodeIgniter\Debug\Exceptions->errorHandler(2, 'Undefined property: stdClass::$Username', 'C:\\xampp\\htdocs\\wisata-tegal\\app\\Views\\backend\\pages\\profile.php', 68)
 2 SYSTEMPATH\View\View.php(234): include('C:\\xampp\\htdocs\\wisata-tegal\\app\\Views\\backend\\pages\\profile.php')
 3 SYSTEMPATH\View\View.php(237): CodeIgniter\View\View->CodeIgniter\View\{closure}()
 4 SYSTEMPATH\Common.php(1171): CodeIgniter\View\View->render('backend/pages/profile', [], true)
 5 APPPATH\Controllers\AdminController.php(30): view('backend/pages/profile', [...])
 6 SYSTEMPATH\CodeIgniter.php(933): App\Controllers\AdminController->profile()
 7 SYSTEMPATH\CodeIgniter.php(509): CodeIgniter\CodeIgniter->runController(Object(App\Controllers\AdminController))
 8 SYSTEMPATH\CodeIgniter.php(355): CodeIgniter\CodeIgniter->handleRequest(null, Object(Config\Cache), false)
 9 SYSTEMPATH\Boot.php(325): CodeIgniter\CodeIgniter->run()
10 SYSTEMPATH\Boot.php(67): CodeIgniter\Boot::runCodeIgniter(Object(CodeIgniter\CodeIgniter))
11 FCPATH\index.php(56): CodeIgniter\Boot::bootWeb(Object(Config\Paths))
12 SYSTEMPATH\rewrite.php(44): require_once('C:\\xampp\\htdocs\\wisata-tegal\\public\\index.php')
CRITICAL - 2025-01-01 11:33:57 --> Error: Call to undefined method CodeIgniter\Router\RouteCollection::put9()
[Method: GET, Route: admin/profile]
in APPPATH\Config\Routes.php on line 17.
 1 SYSTEMPATH\Router\RouteCollection.php(800): CodeIgniter\Router\RouteCollection::{closure}(Object(CodeIgniter\Router\RouteCollection))
 2 APPPATH\Config\Routes.php(12): CodeIgniter\Router\RouteCollection->group('', [...], Object(Closure))
 3 SYSTEMPATH\Router\RouteCollection.php(800): CodeIgniter\Router\RouteCollection::{closure}(Object(CodeIgniter\Router\RouteCollection))
 4 APPPATH\Config\Routes.php(10): CodeIgniter\Router\RouteCollection->group('admin', Object(Closure))
 5 SYSTEMPATH\Router\RouteCollection.php(340): require('C:\\xampp\\htdocs\\wisata-tegal\\app\\Config\\Routes.php')
 6 SYSTEMPATH\CodeIgniter.php(823): CodeIgniter\Router\RouteCollection->loadRoutes()
 7 SYSTEMPATH\CodeIgniter.php(457): CodeIgniter\CodeIgniter->tryToRouteIt(null)
 8 SYSTEMPATH\CodeIgniter.php(355): CodeIgniter\CodeIgniter->handleRequest(null, Object(Config\Cache), false)
 9 SYSTEMPATH\Boot.php(325): CodeIgniter\CodeIgniter->run()
10 SYSTEMPATH\Boot.php(67): CodeIgniter\Boot::runCodeIgniter(Object(CodeIgniter\CodeIgniter))
11 FCPATH\index.php(56): CodeIgniter\Boot::bootWeb(Object(Config\Paths))
12 SYSTEMPATH\rewrite.php(44): require_once('C:\\xampp\\htdocs\\wisata-tegal\\public\\index.php')
CRITICAL - 2025-01-01 11:34:01 --> Error: Call to undefined method CodeIgniter\Router\RouteCollection::put9()
[Method: GET, Route: admin/profile]
in APPPATH\Config\Routes.php on line 17.
 1 SYSTEMPATH\Router\RouteCollection.php(800): CodeIgniter\Router\RouteCollection::{closure}(Object(CodeIgniter\Router\RouteCollection))
 2 APPPATH\Config\Routes.php(12): CodeIgniter\Router\RouteCollection->group('', [...], Object(Closure))
 3 SYSTEMPATH\Router\RouteCollection.php(800): CodeIgniter\Router\RouteCollection::{closure}(Object(CodeIgniter\Router\RouteCollection))
 4 APPPATH\Config\Routes.php(10): CodeIgniter\Router\RouteCollection->group('admin', Object(Closure))
 5 SYSTEMPATH\Router\RouteCollection.php(340): require('C:\\xampp\\htdocs\\wisata-tegal\\app\\Config\\Routes.php')
 6 SYSTEMPATH\CodeIgniter.php(823): CodeIgniter\Router\RouteCollection->loadRoutes()
 7 SYSTEMPATH\CodeIgniter.php(457): CodeIgniter\CodeIgniter->tryToRouteIt(null)
 8 SYSTEMPATH\CodeIgniter.php(355): CodeIgniter\CodeIgniter->handleRequest(null, Object(Config\Cache), false)
 9 SYSTEMPATH\Boot.php(325): CodeIgniter\CodeIgniter->run()
10 SYSTEMPATH\Boot.php(67): CodeIgniter\Boot::runCodeIgniter(Object(CodeIgniter\CodeIgniter))
11 FCPATH\index.php(56): CodeIgniter\Boot::bootWeb(Object(Config\Paths))
12 SYSTEMPATH\rewrite.php(44): require_once('C:\\xampp\\htdocs\\wisata-tegal\\public\\index.php')
CRITICAL - 2025-01-01 12:00:37 --> TypeError: CodeIgniter\BaseModel::timeToString(): Argument #1 ($properties) must be of type array, string given, called in C:\xampp\htdocs\wisata-tegal\system\BaseModel.php on line 1875
[Method: PUT, Route: admin/update-personal-details/2]
in SYSTEMPATH\BaseModel.php on line 1762.
 1 SYSTEMPATH\BaseModel.php(1875): CodeIgniter\BaseModel->timeToString('2')
 2 SYSTEMPATH\BaseModel.php(806): CodeIgniter\BaseModel->transformDataToArray('2', 'insert')
 3 SYSTEMPATH\Model.php(802): CodeIgniter\BaseModel->insert('2', false)
 4 SYSTEMPATH\BaseModel.php(751): CodeIgniter\Model->insert('2', false)
 5 APPPATH\Controllers\AdminController.php(48): CodeIgniter\BaseModel->save('2', [...])
 6 SYSTEMPATH\CodeIgniter.php(933): App\Controllers\AdminController->updatePersonalDetails('2')
 7 SYSTEMPATH\CodeIgniter.php(509): CodeIgniter\CodeIgniter->runController(Object(App\Controllers\AdminController))
 8 SYSTEMPATH\CodeIgniter.php(355): CodeIgniter\CodeIgniter->handleRequest(null, Object(Config\Cache), false)
 9 SYSTEMPATH\Boot.php(325): CodeIgniter\CodeIgniter->run()
10 SYSTEMPATH\Boot.php(67): CodeIgniter\Boot::runCodeIgniter(Object(CodeIgniter\CodeIgniter))
11 FCPATH\index.php(56): CodeIgniter\Boot::bootWeb(Object(Config\Paths))
12 SYSTEMPATH\rewrite.php(44): require_once('C:\\xampp\\htdocs\\wisata-tegal\\public\\index.php')
CRITICAL - 2025-01-01 12:07:31 --> InvalidArgumentException: Missing argument for "(:num)" in route "admin/profile/(:num)".
[Method: GET, Route: admin/home]
in SYSTEMPATH\Router\RouteCollection.php on line 1383.
 1 SYSTEMPATH\Router\RouteCollection.php(1204): CodeIgniter\Router\RouteCollection->buildReverseRoute('admin/profile/(:num)', [])
 2 SYSTEMPATH\Common.php(953): CodeIgniter\Router\RouteCollection->reverseRoute('admin.profile')
 3 APPPATH\Views\backend\layout\inc\header.php(174): route_to('admin.profile')
 4 APPPATH\Views\backend\layout\pages-layout.php(64): include('C:\\xampp\\htdocs\\wisata-tegal\\app\\Views\\backend\\layout\\inc\\header.php')
 5 SYSTEMPATH\View\View.php(234): include('C:\\xampp\\htdocs\\wisata-tegal\\app\\Views\\backend\\layout\\pages-layout.php')
 6 SYSTEMPATH\View\View.php(237): CodeIgniter\View\View->CodeIgniter\View\{closure}()
 7 SYSTEMPATH\View\View.php(250): CodeIgniter\View\View->render('backend/layout/pages-layout', [], true)
 8 SYSTEMPATH\Common.php(1171): CodeIgniter\View\View->render('backend/pages/home', [], true)
 9 APPPATH\Controllers\AdminController.php(20): view('backend/pages/home', [...])
10 SYSTEMPATH\CodeIgniter.php(933): App\Controllers\AdminController->index()
11 SYSTEMPATH\CodeIgniter.php(509): CodeIgniter\CodeIgniter->runController(Object(App\Controllers\AdminController))
12 SYSTEMPATH\CodeIgniter.php(355): CodeIgniter\CodeIgniter->handleRequest(null, Object(Config\Cache), false)
13 SYSTEMPATH\Boot.php(325): CodeIgniter\CodeIgniter->run()
14 SYSTEMPATH\Boot.php(67): CodeIgniter\Boot::runCodeIgniter(Object(CodeIgniter\CodeIgniter))
15 FCPATH\index.php(56): CodeIgniter\Boot::bootWeb(Object(Config\Paths))
16 SYSTEMPATH\rewrite.php(44): require_once('C:\\xampp\\htdocs\\wisata-tegal\\public\\index.php')
CRITICAL - 2025-01-01 12:07:32 --> InvalidArgumentException: Missing argument for "(:num)" in route "admin/profile/(:num)".
[Method: GET, Route: admin/home]
in SYSTEMPATH\Router\RouteCollection.php on line 1383.
 1 SYSTEMPATH\Router\RouteCollection.php(1204): CodeIgniter\Router\RouteCollection->buildReverseRoute('admin/profile/(:num)', [])
 2 SYSTEMPATH\Common.php(953): CodeIgniter\Router\RouteCollection->reverseRoute('admin.profile')
 3 APPPATH\Views\backend\layout\inc\header.php(174): route_to('admin.profile')
 4 APPPATH\Views\backend\layout\pages-layout.php(64): include('C:\\xampp\\htdocs\\wisata-tegal\\app\\Views\\backend\\layout\\inc\\header.php')
 5 SYSTEMPATH\View\View.php(234): include('C:\\xampp\\htdocs\\wisata-tegal\\app\\Views\\backend\\layout\\pages-layout.php')
 6 SYSTEMPATH\View\View.php(237): CodeIgniter\View\View->CodeIgniter\View\{closure}()
 7 SYSTEMPATH\View\View.php(250): CodeIgniter\View\View->render('backend/layout/pages-layout', [], true)
 8 SYSTEMPATH\Common.php(1171): CodeIgniter\View\View->render('backend/pages/home', [], true)
 9 APPPATH\Controllers\AdminController.php(20): view('backend/pages/home', [...])
10 SYSTEMPATH\CodeIgniter.php(933): App\Controllers\AdminController->index()
11 SYSTEMPATH\CodeIgniter.php(509): CodeIgniter\CodeIgniter->runController(Object(App\Controllers\AdminController))
12 SYSTEMPATH\CodeIgniter.php(355): CodeIgniter\CodeIgniter->handleRequest(null, Object(Config\Cache), false)
13 SYSTEMPATH\Boot.php(325): CodeIgniter\CodeIgniter->run()
14 SYSTEMPATH\Boot.php(67): CodeIgniter\Boot::runCodeIgniter(Object(CodeIgniter\CodeIgniter))
15 FCPATH\index.php(56): CodeIgniter\Boot::bootWeb(Object(Config\Paths))
16 SYSTEMPATH\rewrite.php(44): require_once('C:\\xampp\\htdocs\\wisata-tegal\\public\\index.php')
CRITICAL - 2025-01-01 12:07:35 --> InvalidArgumentException: Missing argument for "(:num)" in route "admin/profile/(:num)".
[Method: GET, Route: admin/home]
in SYSTEMPATH\Router\RouteCollection.php on line 1383.
 1 SYSTEMPATH\Router\RouteCollection.php(1204): CodeIgniter\Router\RouteCollection->buildReverseRoute('admin/profile/(:num)', [])
 2 SYSTEMPATH\Common.php(953): CodeIgniter\Router\RouteCollection->reverseRoute('admin.profile')
 3 APPPATH\Views\backend\layout\inc\header.php(174): route_to('admin.profile')
 4 APPPATH\Views\backend\layout\pages-layout.php(64): include('C:\\xampp\\htdocs\\wisata-tegal\\app\\Views\\backend\\layout\\inc\\header.php')
 5 SYSTEMPATH\View\View.php(234): include('C:\\xampp\\htdocs\\wisata-tegal\\app\\Views\\backend\\layout\\pages-layout.php')
 6 SYSTEMPATH\View\View.php(237): CodeIgniter\View\View->CodeIgniter\View\{closure}()
 7 SYSTEMPATH\View\View.php(250): CodeIgniter\View\View->render('backend/layout/pages-layout', [], true)
 8 SYSTEMPATH\Common.php(1171): CodeIgniter\View\View->render('backend/pages/home', [], true)
 9 APPPATH\Controllers\AdminController.php(20): view('backend/pages/home', [...])
10 SYSTEMPATH\CodeIgniter.php(933): App\Controllers\AdminController->index()
11 SYSTEMPATH\CodeIgniter.php(509): CodeIgniter\CodeIgniter->runController(Object(App\Controllers\AdminController))
12 SYSTEMPATH\CodeIgniter.php(355): CodeIgniter\CodeIgniter->handleRequest(null, Object(Config\Cache), false)
13 SYSTEMPATH\Boot.php(325): CodeIgniter\CodeIgniter->run()
14 SYSTEMPATH\Boot.php(67): CodeIgniter\Boot::runCodeIgniter(Object(CodeIgniter\CodeIgniter))
15 FCPATH\index.php(56): CodeIgniter\Boot::bootWeb(Object(Config\Paths))
16 SYSTEMPATH\rewrite.php(44): require_once('C:\\xampp\\htdocs\\wisata-tegal\\public\\index.php')
CRITICAL - 2025-01-01 12:08:44 --> InvalidArgumentException: Missing argument for "(:num)" in route "admin/profile/(:num)".
[Method: GET, Route: admin/home]
in SYSTEMPATH\Router\RouteCollection.php on line 1383.
 1 SYSTEMPATH\Router\RouteCollection.php(1204): CodeIgniter\Router\RouteCollection->buildReverseRoute('admin/profile/(:num)', [])
 2 SYSTEMPATH\Common.php(953): CodeIgniter\Router\RouteCollection->reverseRoute('admin.profile')
 3 APPPATH\Views\backend\layout\inc\header.php(174): route_to('admin.profile')
 4 APPPATH\Views\backend\layout\pages-layout.php(64): include('C:\\xampp\\htdocs\\wisata-tegal\\app\\Views\\backend\\layout\\inc\\header.php')
 5 SYSTEMPATH\View\View.php(234): include('C:\\xampp\\htdocs\\wisata-tegal\\app\\Views\\backend\\layout\\pages-layout.php')
 6 SYSTEMPATH\View\View.php(237): CodeIgniter\View\View->CodeIgniter\View\{closure}()
 7 SYSTEMPATH\View\View.php(250): CodeIgniter\View\View->render('backend/layout/pages-layout', [], true)
 8 SYSTEMPATH\Common.php(1171): CodeIgniter\View\View->render('backend/pages/home', [], true)
 9 APPPATH\Controllers\AdminController.php(20): view('backend/pages/home', [...])
10 SYSTEMPATH\CodeIgniter.php(933): App\Controllers\AdminController->index()
11 SYSTEMPATH\CodeIgniter.php(509): CodeIgniter\CodeIgniter->runController(Object(App\Controllers\AdminController))
12 SYSTEMPATH\CodeIgniter.php(355): CodeIgniter\CodeIgniter->handleRequest(null, Object(Config\Cache), false)
13 SYSTEMPATH\Boot.php(325): CodeIgniter\CodeIgniter->run()
14 SYSTEMPATH\Boot.php(67): CodeIgniter\Boot::runCodeIgniter(Object(CodeIgniter\CodeIgniter))
15 FCPATH\index.php(56): CodeIgniter\Boot::bootWeb(Object(Config\Paths))
16 SYSTEMPATH\rewrite.php(44): require_once('C:\\xampp\\htdocs\\wisata-tegal\\public\\index.php')
CRITICAL - 2025-01-01 12:08:44 --> InvalidArgumentException: Missing argument for "(:num)" in route "admin/profile/(:num)".
[Method: GET, Route: admin/home]
in SYSTEMPATH\Router\RouteCollection.php on line 1383.
 1 SYSTEMPATH\Router\RouteCollection.php(1204): CodeIgniter\Router\RouteCollection->buildReverseRoute('admin/profile/(:num)', [])
 2 SYSTEMPATH\Common.php(953): CodeIgniter\Router\RouteCollection->reverseRoute('admin.profile')
 3 APPPATH\Views\backend\layout\inc\header.php(174): route_to('admin.profile')
 4 APPPATH\Views\backend\layout\pages-layout.php(64): include('C:\\xampp\\htdocs\\wisata-tegal\\app\\Views\\backend\\layout\\inc\\header.php')
 5 SYSTEMPATH\View\View.php(234): include('C:\\xampp\\htdocs\\wisata-tegal\\app\\Views\\backend\\layout\\pages-layout.php')
 6 SYSTEMPATH\View\View.php(237): CodeIgniter\View\View->CodeIgniter\View\{closure}()
 7 SYSTEMPATH\View\View.php(250): CodeIgniter\View\View->render('backend/layout/pages-layout', [], true)
 8 SYSTEMPATH\Common.php(1171): CodeIgniter\View\View->render('backend/pages/home', [], true)
 9 APPPATH\Controllers\AdminController.php(20): view('backend/pages/home', [...])
10 SYSTEMPATH\CodeIgniter.php(933): App\Controllers\AdminController->index()
11 SYSTEMPATH\CodeIgniter.php(509): CodeIgniter\CodeIgniter->runController(Object(App\Controllers\AdminController))
12 SYSTEMPATH\CodeIgniter.php(355): CodeIgniter\CodeIgniter->handleRequest(null, Object(Config\Cache), false)
13 SYSTEMPATH\Boot.php(325): CodeIgniter\CodeIgniter->run()
14 SYSTEMPATH\Boot.php(67): CodeIgniter\Boot::runCodeIgniter(Object(CodeIgniter\CodeIgniter))
15 FCPATH\index.php(56): CodeIgniter\Boot::bootWeb(Object(Config\Paths))
16 SYSTEMPATH\rewrite.php(44): require_once('C:\\xampp\\htdocs\\wisata-tegal\\public\\index.php')
CRITICAL - 2025-01-01 12:08:45 --> InvalidArgumentException: Missing argument for "(:num)" in route "admin/profile/(:num)".
[Method: GET, Route: admin/home]
in SYSTEMPATH\Router\RouteCollection.php on line 1383.
 1 SYSTEMPATH\Router\RouteCollection.php(1204): CodeIgniter\Router\RouteCollection->buildReverseRoute('admin/profile/(:num)', [])
 2 SYSTEMPATH\Common.php(953): CodeIgniter\Router\RouteCollection->reverseRoute('admin.profile')
 3 APPPATH\Views\backend\layout\inc\header.php(174): route_to('admin.profile')
 4 APPPATH\Views\backend\layout\pages-layout.php(64): include('C:\\xampp\\htdocs\\wisata-tegal\\app\\Views\\backend\\layout\\inc\\header.php')
 5 SYSTEMPATH\View\View.php(234): include('C:\\xampp\\htdocs\\wisata-tegal\\app\\Views\\backend\\layout\\pages-layout.php')
 6 SYSTEMPATH\View\View.php(237): CodeIgniter\View\View->CodeIgniter\View\{closure}()
 7 SYSTEMPATH\View\View.php(250): CodeIgniter\View\View->render('backend/layout/pages-layout', [], true)
 8 SYSTEMPATH\Common.php(1171): CodeIgniter\View\View->render('backend/pages/home', [], true)
 9 APPPATH\Controllers\AdminController.php(20): view('backend/pages/home', [...])
10 SYSTEMPATH\CodeIgniter.php(933): App\Controllers\AdminController->index()
11 SYSTEMPATH\CodeIgniter.php(509): CodeIgniter\CodeIgniter->runController(Object(App\Controllers\AdminController))
12 SYSTEMPATH\CodeIgniter.php(355): CodeIgniter\CodeIgniter->handleRequest(null, Object(Config\Cache), false)
13 SYSTEMPATH\Boot.php(325): CodeIgniter\CodeIgniter->run()
14 SYSTEMPATH\Boot.php(67): CodeIgniter\Boot::runCodeIgniter(Object(CodeIgniter\CodeIgniter))
15 FCPATH\index.php(56): CodeIgniter\Boot::bootWeb(Object(Config\Paths))
16 SYSTEMPATH\rewrite.php(44): require_once('C:\\xampp\\htdocs\\wisata-tegal\\public\\index.php')
CRITICAL - 2025-01-01 12:08:45 --> InvalidArgumentException: Missing argument for "(:num)" in route "admin/profile/(:num)".
[Method: GET, Route: admin/home]
in SYSTEMPATH\Router\RouteCollection.php on line 1383.
 1 SYSTEMPATH\Router\RouteCollection.php(1204): CodeIgniter\Router\RouteCollection->buildReverseRoute('admin/profile/(:num)', [])
 2 SYSTEMPATH\Common.php(953): CodeIgniter\Router\RouteCollection->reverseRoute('admin.profile')
 3 APPPATH\Views\backend\layout\inc\header.php(174): route_to('admin.profile')
 4 APPPATH\Views\backend\layout\pages-layout.php(64): include('C:\\xampp\\htdocs\\wisata-tegal\\app\\Views\\backend\\layout\\inc\\header.php')
 5 SYSTEMPATH\View\View.php(234): include('C:\\xampp\\htdocs\\wisata-tegal\\app\\Views\\backend\\layout\\pages-layout.php')
 6 SYSTEMPATH\View\View.php(237): CodeIgniter\View\View->CodeIgniter\View\{closure}()
 7 SYSTEMPATH\View\View.php(250): CodeIgniter\View\View->render('backend/layout/pages-layout', [], true)
 8 SYSTEMPATH\Common.php(1171): CodeIgniter\View\View->render('backend/pages/home', [], true)
 9 APPPATH\Controllers\AdminController.php(20): view('backend/pages/home', [...])
10 SYSTEMPATH\CodeIgniter.php(933): App\Controllers\AdminController->index()
11 SYSTEMPATH\CodeIgniter.php(509): CodeIgniter\CodeIgniter->runController(Object(App\Controllers\AdminController))
12 SYSTEMPATH\CodeIgniter.php(355): CodeIgniter\CodeIgniter->handleRequest(null, Object(Config\Cache), false)
13 SYSTEMPATH\Boot.php(325): CodeIgniter\CodeIgniter->run()
14 SYSTEMPATH\Boot.php(67): CodeIgniter\Boot::runCodeIgniter(Object(CodeIgniter\CodeIgniter))
15 FCPATH\index.php(56): CodeIgniter\Boot::bootWeb(Object(Config\Paths))
16 SYSTEMPATH\rewrite.php(44): require_once('C:\\xampp\\htdocs\\wisata-tegal\\public\\index.php')
CRITICAL - 2025-01-01 12:08:45 --> InvalidArgumentException: Missing argument for "(:num)" in route "admin/profile/(:num)".
[Method: GET, Route: admin/home]
in SYSTEMPATH\Router\RouteCollection.php on line 1383.
 1 SYSTEMPATH\Router\RouteCollection.php(1204): CodeIgniter\Router\RouteCollection->buildReverseRoute('admin/profile/(:num)', [])
 2 SYSTEMPATH\Common.php(953): CodeIgniter\Router\RouteCollection->reverseRoute('admin.profile')
 3 APPPATH\Views\backend\layout\inc\header.php(174): route_to('admin.profile')
 4 APPPATH\Views\backend\layout\pages-layout.php(64): include('C:\\xampp\\htdocs\\wisata-tegal\\app\\Views\\backend\\layout\\inc\\header.php')
 5 SYSTEMPATH\View\View.php(234): include('C:\\xampp\\htdocs\\wisata-tegal\\app\\Views\\backend\\layout\\pages-layout.php')
 6 SYSTEMPATH\View\View.php(237): CodeIgniter\View\View->CodeIgniter\View\{closure}()
 7 SYSTEMPATH\View\View.php(250): CodeIgniter\View\View->render('backend/layout/pages-layout', [], true)
 8 SYSTEMPATH\Common.php(1171): CodeIgniter\View\View->render('backend/pages/home', [], true)
 9 APPPATH\Controllers\AdminController.php(20): view('backend/pages/home', [...])
10 SYSTEMPATH\CodeIgniter.php(933): App\Controllers\AdminController->index()
11 SYSTEMPATH\CodeIgniter.php(509): CodeIgniter\CodeIgniter->runController(Object(App\Controllers\AdminController))
12 SYSTEMPATH\CodeIgniter.php(355): CodeIgniter\CodeIgniter->handleRequest(null, Object(Config\Cache), false)
13 SYSTEMPATH\Boot.php(325): CodeIgniter\CodeIgniter->run()
14 SYSTEMPATH\Boot.php(67): CodeIgniter\Boot::runCodeIgniter(Object(CodeIgniter\CodeIgniter))
15 FCPATH\index.php(56): CodeIgniter\Boot::bootWeb(Object(Config\Paths))
16 SYSTEMPATH\rewrite.php(44): require_once('C:\\xampp\\htdocs\\wisata-tegal\\public\\index.php')
CRITICAL - 2025-01-01 12:08:45 --> InvalidArgumentException: Missing argument for "(:num)" in route "admin/profile/(:num)".
[Method: GET, Route: admin/home]
in SYSTEMPATH\Router\RouteCollection.php on line 1383.
 1 SYSTEMPATH\Router\RouteCollection.php(1204): CodeIgniter\Router\RouteCollection->buildReverseRoute('admin/profile/(:num)', [])
 2 SYSTEMPATH\Common.php(953): CodeIgniter\Router\RouteCollection->reverseRoute('admin.profile')
 3 APPPATH\Views\backend\layout\inc\header.php(174): route_to('admin.profile')
 4 APPPATH\Views\backend\layout\pages-layout.php(64): include('C:\\xampp\\htdocs\\wisata-tegal\\app\\Views\\backend\\layout\\inc\\header.php')
 5 SYSTEMPATH\View\View.php(234): include('C:\\xampp\\htdocs\\wisata-tegal\\app\\Views\\backend\\layout\\pages-layout.php')
 6 SYSTEMPATH\View\View.php(237): CodeIgniter\View\View->CodeIgniter\View\{closure}()
 7 SYSTEMPATH\View\View.php(250): CodeIgniter\View\View->render('backend/layout/pages-layout', [], true)
 8 SYSTEMPATH\Common.php(1171): CodeIgniter\View\View->render('backend/pages/home', [], true)
 9 APPPATH\Controllers\AdminController.php(20): view('backend/pages/home', [...])
10 SYSTEMPATH\CodeIgniter.php(933): App\Controllers\AdminController->index()
11 SYSTEMPATH\CodeIgniter.php(509): CodeIgniter\CodeIgniter->runController(Object(App\Controllers\AdminController))
12 SYSTEMPATH\CodeIgniter.php(355): CodeIgniter\CodeIgniter->handleRequest(null, Object(Config\Cache), false)
13 SYSTEMPATH\Boot.php(325): CodeIgniter\CodeIgniter->run()
14 SYSTEMPATH\Boot.php(67): CodeIgniter\Boot::runCodeIgniter(Object(CodeIgniter\CodeIgniter))
15 FCPATH\index.php(56): CodeIgniter\Boot::bootWeb(Object(Config\Paths))
16 SYSTEMPATH\rewrite.php(44): require_once('C:\\xampp\\htdocs\\wisata-tegal\\public\\index.php')
CRITICAL - 2025-01-01 12:08:45 --> InvalidArgumentException: Missing argument for "(:num)" in route "admin/profile/(:num)".
[Method: GET, Route: admin/home]
in SYSTEMPATH\Router\RouteCollection.php on line 1383.
 1 SYSTEMPATH\Router\RouteCollection.php(1204): CodeIgniter\Router\RouteCollection->buildReverseRoute('admin/profile/(:num)', [])
 2 SYSTEMPATH\Common.php(953): CodeIgniter\Router\RouteCollection->reverseRoute('admin.profile')
 3 APPPATH\Views\backend\layout\inc\header.php(174): route_to('admin.profile')
 4 APPPATH\Views\backend\layout\pages-layout.php(64): include('C:\\xampp\\htdocs\\wisata-tegal\\app\\Views\\backend\\layout\\inc\\header.php')
 5 SYSTEMPATH\View\View.php(234): include('C:\\xampp\\htdocs\\wisata-tegal\\app\\Views\\backend\\layout\\pages-layout.php')
 6 SYSTEMPATH\View\View.php(237): CodeIgniter\View\View->CodeIgniter\View\{closure}()
 7 SYSTEMPATH\View\View.php(250): CodeIgniter\View\View->render('backend/layout/pages-layout', [], true)
 8 SYSTEMPATH\Common.php(1171): CodeIgniter\View\View->render('backend/pages/home', [], true)
 9 APPPATH\Controllers\AdminController.php(20): view('backend/pages/home', [...])
10 SYSTEMPATH\CodeIgniter.php(933): App\Controllers\AdminController->index()
11 SYSTEMPATH\CodeIgniter.php(509): CodeIgniter\CodeIgniter->runController(Object(App\Controllers\AdminController))
12 SYSTEMPATH\CodeIgniter.php(355): CodeIgniter\CodeIgniter->handleRequest(null, Object(Config\Cache), false)
13 SYSTEMPATH\Boot.php(325): CodeIgniter\CodeIgniter->run()
14 SYSTEMPATH\Boot.php(67): CodeIgniter\Boot::runCodeIgniter(Object(CodeIgniter\CodeIgniter))
15 FCPATH\index.php(56): CodeIgniter\Boot::bootWeb(Object(Config\Paths))
16 SYSTEMPATH\rewrite.php(44): require_once('C:\\xampp\\htdocs\\wisata-tegal\\public\\index.php')
CRITICAL - 2025-01-01 12:08:46 --> InvalidArgumentException: Missing argument for "(:num)" in route "admin/profile/(:num)".
[Method: GET, Route: admin/home]
in SYSTEMPATH\Router\RouteCollection.php on line 1383.
 1 SYSTEMPATH\Router\RouteCollection.php(1204): CodeIgniter\Router\RouteCollection->buildReverseRoute('admin/profile/(:num)', [])
 2 SYSTEMPATH\Common.php(953): CodeIgniter\Router\RouteCollection->reverseRoute('admin.profile')
 3 APPPATH\Views\backend\layout\inc\header.php(174): route_to('admin.profile')
 4 APPPATH\Views\backend\layout\pages-layout.php(64): include('C:\\xampp\\htdocs\\wisata-tegal\\app\\Views\\backend\\layout\\inc\\header.php')
 5 SYSTEMPATH\View\View.php(234): include('C:\\xampp\\htdocs\\wisata-tegal\\app\\Views\\backend\\layout\\pages-layout.php')
 6 SYSTEMPATH\View\View.php(237): CodeIgniter\View\View->CodeIgniter\View\{closure}()
 7 SYSTEMPATH\View\View.php(250): CodeIgniter\View\View->render('backend/layout/pages-layout', [], true)
 8 SYSTEMPATH\Common.php(1171): CodeIgniter\View\View->render('backend/pages/home', [], true)
 9 APPPATH\Controllers\AdminController.php(20): view('backend/pages/home', [...])
10 SYSTEMPATH\CodeIgniter.php(933): App\Controllers\AdminController->index()
11 SYSTEMPATH\CodeIgniter.php(509): CodeIgniter\CodeIgniter->runController(Object(App\Controllers\AdminController))
12 SYSTEMPATH\CodeIgniter.php(355): CodeIgniter\CodeIgniter->handleRequest(null, Object(Config\Cache), false)
13 SYSTEMPATH\Boot.php(325): CodeIgniter\CodeIgniter->run()
14 SYSTEMPATH\Boot.php(67): CodeIgniter\Boot::runCodeIgniter(Object(CodeIgniter\CodeIgniter))
15 FCPATH\index.php(56): CodeIgniter\Boot::bootWeb(Object(Config\Paths))
16 SYSTEMPATH\rewrite.php(44): require_once('C:\\xampp\\htdocs\\wisata-tegal\\public\\index.php')
CRITICAL - 2025-01-01 12:08:46 --> InvalidArgumentException: Missing argument for "(:num)" in route "admin/profile/(:num)".
[Method: GET, Route: admin/home]
in SYSTEMPATH\Router\RouteCollection.php on line 1383.
 1 SYSTEMPATH\Router\RouteCollection.php(1204): CodeIgniter\Router\RouteCollection->buildReverseRoute('admin/profile/(:num)', [])
 2 SYSTEMPATH\Common.php(953): CodeIgniter\Router\RouteCollection->reverseRoute('admin.profile')
 3 APPPATH\Views\backend\layout\inc\header.php(174): route_to('admin.profile')
 4 APPPATH\Views\backend\layout\pages-layout.php(64): include('C:\\xampp\\htdocs\\wisata-tegal\\app\\Views\\backend\\layout\\inc\\header.php')
 5 SYSTEMPATH\View\View.php(234): include('C:\\xampp\\htdocs\\wisata-tegal\\app\\Views\\backend\\layout\\pages-layout.php')
 6 SYSTEMPATH\View\View.php(237): CodeIgniter\View\View->CodeIgniter\View\{closure}()
 7 SYSTEMPATH\View\View.php(250): CodeIgniter\View\View->render('backend/layout/pages-layout', [], true)
 8 SYSTEMPATH\Common.php(1171): CodeIgniter\View\View->render('backend/pages/home', [], true)
 9 APPPATH\Controllers\AdminController.php(20): view('backend/pages/home', [...])
10 SYSTEMPATH\CodeIgniter.php(933): App\Controllers\AdminController->index()
11 SYSTEMPATH\CodeIgniter.php(509): CodeIgniter\CodeIgniter->runController(Object(App\Controllers\AdminController))
12 SYSTEMPATH\CodeIgniter.php(355): CodeIgniter\CodeIgniter->handleRequest(null, Object(Config\Cache), false)
13 SYSTEMPATH\Boot.php(325): CodeIgniter\CodeIgniter->run()
14 SYSTEMPATH\Boot.php(67): CodeIgniter\Boot::runCodeIgniter(Object(CodeIgniter\CodeIgniter))
15 FCPATH\index.php(56): CodeIgniter\Boot::bootWeb(Object(Config\Paths))
16 SYSTEMPATH\rewrite.php(44): require_once('C:\\xampp\\htdocs\\wisata-tegal\\public\\index.php')
CRITICAL - 2025-01-01 12:08:46 --> InvalidArgumentException: Missing argument for "(:num)" in route "admin/profile/(:num)".
[Method: GET, Route: admin/home]
in SYSTEMPATH\Router\RouteCollection.php on line 1383.
 1 SYSTEMPATH\Router\RouteCollection.php(1204): CodeIgniter\Router\RouteCollection->buildReverseRoute('admin/profile/(:num)', [])
 2 SYSTEMPATH\Common.php(953): CodeIgniter\Router\RouteCollection->reverseRoute('admin.profile')
 3 APPPATH\Views\backend\layout\inc\header.php(174): route_to('admin.profile')
 4 APPPATH\Views\backend\layout\pages-layout.php(64): include('C:\\xampp\\htdocs\\wisata-tegal\\app\\Views\\backend\\layout\\inc\\header.php')
 5 SYSTEMPATH\View\View.php(234): include('C:\\xampp\\htdocs\\wisata-tegal\\app\\Views\\backend\\layout\\pages-layout.php')
 6 SYSTEMPATH\View\View.php(237): CodeIgniter\View\View->CodeIgniter\View\{closure}()
 7 SYSTEMPATH\View\View.php(250): CodeIgniter\View\View->render('backend/layout/pages-layout', [], true)
 8 SYSTEMPATH\Common.php(1171): CodeIgniter\View\View->render('backend/pages/home', [], true)
 9 APPPATH\Controllers\AdminController.php(20): view('backend/pages/home', [...])
10 SYSTEMPATH\CodeIgniter.php(933): App\Controllers\AdminController->index()
11 SYSTEMPATH\CodeIgniter.php(509): CodeIgniter\CodeIgniter->runController(Object(App\Controllers\AdminController))
12 SYSTEMPATH\CodeIgniter.php(355): CodeIgniter\CodeIgniter->handleRequest(null, Object(Config\Cache), false)
13 SYSTEMPATH\Boot.php(325): CodeIgniter\CodeIgniter->run()
14 SYSTEMPATH\Boot.php(67): CodeIgniter\Boot::runCodeIgniter(Object(CodeIgniter\CodeIgniter))
15 FCPATH\index.php(56): CodeIgniter\Boot::bootWeb(Object(Config\Paths))
16 SYSTEMPATH\rewrite.php(44): require_once('C:\\xampp\\htdocs\\wisata-tegal\\public\\index.php')
