ERROR - 2024-12-30 00:10:33 --> mysqli_sql_exception: Table 'users' already exists in C:\xampp\htdocs\wisata-tegal\system\Database\MySQLi\Connection.php:312
Stack trace:
#0 C:\xampp\htdocs\wisata-tegal\system\Database\MySQLi\Connection.php(312): mysqli->query('CREATE TABLE `u...', 0)
#1 C:\xampp\htdocs\wisata-tegal\system\Database\BaseConnection.php(734): CodeIgniter\Database\MySQLi\Connection->execute('CREATE TABLE `u...')
#2 C:\xampp\htdocs\wisata-tegal\system\Database\BaseConnection.php(648): CodeIgniter\Database\BaseConnection->simpleQuery('CREATE TABLE `u...')
#3 C:\xampp\htdocs\wisata-tegal\system\Database\Forge.php(570): CodeIgniter\Database\BaseConnection->query('CREATE TABLE `u...')
#4 C:\xampp\htdocs\wisata-tegal\app\Database\Migrations\2024-12-26-215853_CreateUserTable.php(46): CodeIgniter\Database\Forge->createTable('users')
#5 C:\xampp\htdocs\wisata-tegal\system\Database\MigrationRunner.php(867): App\Database\Migrations\CreateUserTable->up()
#6 C:\xampp\htdocs\wisata-tegal\system\Database\MigrationRunner.php(183): CodeIgniter\Database\MigrationRunner->migrate('up', Object(stdClass))
#7 C:\xampp\htdocs\wisata-tegal\system\Commands\Database\Migrate.php(85): CodeIgniter\Database\MigrationRunner->latest(NULL)
#8 C:\xampp\htdocs\wisata-tegal\system\CLI\Commands.php(70): CodeIgniter\Commands\Database\Migrate->run(Array)
#9 C:\xampp\htdocs\wisata-tegal\system\CLI\Console.php(48): CodeIgniter\CLI\Commands->run('migrate', Array)
#10 C:\xampp\htdocs\wisata-tegal\system\Boot.php(351): CodeIgniter\CLI\Console->run()
#11 C:\xampp\htdocs\wisata-tegal\system\Boot.php(104): CodeIgniter\Boot::runCommand(Object(CodeIgniter\CLI\Console))
#12 C:\xampp\htdocs\wisata-tegal\spark(84): CodeIgniter\Boot::bootSpark(Object(Config\Paths))
#13 {main}
ERROR - 2024-12-30 00:11:50 --> mysqli_sql_exception: Table 'users' already exists in C:\xampp\htdocs\wisata-tegal\system\Database\MySQLi\Connection.php:312
Stack trace:
#0 C:\xampp\htdocs\wisata-tegal\system\Database\MySQLi\Connection.php(312): mysqli->query('CREATE TABLE `u...', 0)
#1 C:\xampp\htdocs\wisata-tegal\system\Database\BaseConnection.php(734): CodeIgniter\Database\MySQLi\Connection->execute('CREATE TABLE `u...')
#2 C:\xampp\htdocs\wisata-tegal\system\Database\BaseConnection.php(648): CodeIgniter\Database\BaseConnection->simpleQuery('CREATE TABLE `u...')
#3 C:\xampp\htdocs\wisata-tegal\system\Database\Forge.php(570): CodeIgniter\Database\BaseConnection->query('CREATE TABLE `u...')
#4 C:\xampp\htdocs\wisata-tegal\app\Database\Migrations\2024-12-26-215853_CreateUserTable.php(46): CodeIgniter\Database\Forge->createTable('users')
#5 C:\xampp\htdocs\wisata-tegal\system\Database\MigrationRunner.php(867): App\Database\Migrations\CreateUserTable->up()
#6 C:\xampp\htdocs\wisata-tegal\system\Database\MigrationRunner.php(183): CodeIgniter\Database\MigrationRunner->migrate('up', Object(stdClass))
#7 C:\xampp\htdocs\wisata-tegal\system\Commands\Database\Migrate.php(85): CodeIgniter\Database\MigrationRunner->latest(NULL)
#8 C:\xampp\htdocs\wisata-tegal\system\CLI\Commands.php(70): CodeIgniter\Commands\Database\Migrate->run(Array)
#9 C:\xampp\htdocs\wisata-tegal\system\CLI\Console.php(48): CodeIgniter\CLI\Commands->run('migrate', Array)
#10 C:\xampp\htdocs\wisata-tegal\system\Boot.php(351): CodeIgniter\CLI\Console->run()
#11 C:\xampp\htdocs\wisata-tegal\system\Boot.php(104): CodeIgniter\Boot::runCommand(Object(CodeIgniter\CLI\Console))
#12 C:\xampp\htdocs\wisata-tegal\spark(84): CodeIgniter\Boot::bootSpark(Object(Config\Paths))
#13 {main}
ERROR - 2024-12-30 00:13:49 --> mysqli_sql_exception: Table 'users' already exists in C:\xampp\htdocs\wisata-tegal\system\Database\MySQLi\Connection.php:312
Stack trace:
#0 C:\xampp\htdocs\wisata-tegal\system\Database\MySQLi\Connection.php(312): mysqli->query('CREATE TABLE `u...', 0)
#1 C:\xampp\htdocs\wisata-tegal\system\Database\BaseConnection.php(734): CodeIgniter\Database\MySQLi\Connection->execute('CREATE TABLE `u...')
#2 C:\xampp\htdocs\wisata-tegal\system\Database\BaseConnection.php(648): CodeIgniter\Database\BaseConnection->simpleQuery('CREATE TABLE `u...')
#3 C:\xampp\htdocs\wisata-tegal\system\Database\Forge.php(570): CodeIgniter\Database\BaseConnection->query('CREATE TABLE `u...')
#4 C:\xampp\htdocs\wisata-tegal\app\Database\Migrations\2024-12-26-215853_CreateUserTable.php(46): CodeIgniter\Database\Forge->createTable('users')
#5 C:\xampp\htdocs\wisata-tegal\system\Database\MigrationRunner.php(867): App\Database\Migrations\CreateUserTable->up()
#6 C:\xampp\htdocs\wisata-tegal\system\Database\MigrationRunner.php(183): CodeIgniter\Database\MigrationRunner->migrate('up', Object(stdClass))
#7 C:\xampp\htdocs\wisata-tegal\system\Commands\Database\Migrate.php(85): CodeIgniter\Database\MigrationRunner->latest(NULL)
#8 C:\xampp\htdocs\wisata-tegal\system\CLI\Commands.php(70): CodeIgniter\Commands\Database\Migrate->run(Array)
#9 C:\xampp\htdocs\wisata-tegal\system\CLI\Console.php(48): CodeIgniter\CLI\Commands->run('migrate', Array)
#10 C:\xampp\htdocs\wisata-tegal\system\Boot.php(351): CodeIgniter\CLI\Console->run()
#11 C:\xampp\htdocs\wisata-tegal\system\Boot.php(104): CodeIgniter\Boot::runCommand(Object(CodeIgniter\CLI\Console))
#12 C:\xampp\htdocs\wisata-tegal\spark(84): CodeIgniter\Boot::bootSpark(Object(Config\Paths))
#13 {main}
ERROR - 2024-12-30 00:16:26 --> mysqli_sql_exception: Table 'users' already exists in C:\xampp\htdocs\wisata-tegal\system\Database\MySQLi\Connection.php:312
Stack trace:
#0 C:\xampp\htdocs\wisata-tegal\system\Database\MySQLi\Connection.php(312): mysqli->query('CREATE TABLE `u...', 0)
#1 C:\xampp\htdocs\wisata-tegal\system\Database\BaseConnection.php(734): CodeIgniter\Database\MySQLi\Connection->execute('CREATE TABLE `u...')
#2 C:\xampp\htdocs\wisata-tegal\system\Database\BaseConnection.php(648): CodeIgniter\Database\BaseConnection->simpleQuery('CREATE TABLE `u...')
#3 C:\xampp\htdocs\wisata-tegal\system\Database\Forge.php(570): CodeIgniter\Database\BaseConnection->query('CREATE TABLE `u...')
#4 C:\xampp\htdocs\wisata-tegal\app\Database\Migrations\2024-12-26-215853_CreateUserTable.php(46): CodeIgniter\Database\Forge->createTable('users')
#5 C:\xampp\htdocs\wisata-tegal\system\Database\MigrationRunner.php(867): App\Database\Migrations\CreateUserTable->up()
#6 C:\xampp\htdocs\wisata-tegal\system\Database\MigrationRunner.php(183): CodeIgniter\Database\MigrationRunner->migrate('up', Object(stdClass))
#7 C:\xampp\htdocs\wisata-tegal\system\Commands\Database\Migrate.php(85): CodeIgniter\Database\MigrationRunner->latest(NULL)
#8 C:\xampp\htdocs\wisata-tegal\system\CLI\Commands.php(70): CodeIgniter\Commands\Database\Migrate->run(Array)
#9 C:\xampp\htdocs\wisata-tegal\system\CLI\Console.php(48): CodeIgniter\CLI\Commands->run('migrate', Array)
#10 C:\xampp\htdocs\wisata-tegal\system\Boot.php(351): CodeIgniter\CLI\Console->run()
#11 C:\xampp\htdocs\wisata-tegal\system\Boot.php(104): CodeIgniter\Boot::runCommand(Object(CodeIgniter\CLI\Console))
#12 C:\xampp\htdocs\wisata-tegal\spark(84): CodeIgniter\Boot::bootSpark(Object(Config\Paths))
#13 {main}
ERROR - 2024-12-30 00:17:19 --> mysqli_sql_exception: Table 'users' already exists in C:\xampp\htdocs\wisata-tegal\system\Database\MySQLi\Connection.php:312
Stack trace:
#0 C:\xampp\htdocs\wisata-tegal\system\Database\MySQLi\Connection.php(312): mysqli->query('CREATE TABLE `u...', 0)
#1 C:\xampp\htdocs\wisata-tegal\system\Database\BaseConnection.php(734): CodeIgniter\Database\MySQLi\Connection->execute('CREATE TABLE `u...')
#2 C:\xampp\htdocs\wisata-tegal\system\Database\BaseConnection.php(648): CodeIgniter\Database\BaseConnection->simpleQuery('CREATE TABLE `u...')
#3 C:\xampp\htdocs\wisata-tegal\system\Database\Forge.php(570): CodeIgniter\Database\BaseConnection->query('CREATE TABLE `u...')
#4 C:\xampp\htdocs\wisata-tegal\app\Database\Migrations\2024-12-26-215853_CreateUserTable.php(46): CodeIgniter\Database\Forge->createTable('users')
#5 C:\xampp\htdocs\wisata-tegal\system\Database\MigrationRunner.php(867): App\Database\Migrations\CreateUserTable->up()
#6 C:\xampp\htdocs\wisata-tegal\system\Database\MigrationRunner.php(183): CodeIgniter\Database\MigrationRunner->migrate('up', Object(stdClass))
#7 C:\xampp\htdocs\wisata-tegal\system\Commands\Database\Migrate.php(85): CodeIgniter\Database\MigrationRunner->latest(NULL)
#8 C:\xampp\htdocs\wisata-tegal\system\CLI\Commands.php(70): CodeIgniter\Commands\Database\Migrate->run(Array)
#9 C:\xampp\htdocs\wisata-tegal\system\CLI\Console.php(48): CodeIgniter\CLI\Commands->run('migrate', Array)
#10 C:\xampp\htdocs\wisata-tegal\system\Boot.php(351): CodeIgniter\CLI\Console->run()
#11 C:\xampp\htdocs\wisata-tegal\system\Boot.php(104): CodeIgniter\Boot::runCommand(Object(CodeIgniter\CLI\Console))
#12 C:\xampp\htdocs\wisata-tegal\spark(84): CodeIgniter\Boot::bootSpark(Object(Config\Paths))
#13 {main}
ERROR - 2024-12-30 00:17:59 --> mysqli_sql_exception: Table 'users' already exists in C:\xampp\htdocs\wisata-tegal\system\Database\MySQLi\Connection.php:312
Stack trace:
#0 C:\xampp\htdocs\wisata-tegal\system\Database\MySQLi\Connection.php(312): mysqli->query('CREATE TABLE `u...', 0)
#1 C:\xampp\htdocs\wisata-tegal\system\Database\BaseConnection.php(734): CodeIgniter\Database\MySQLi\Connection->execute('CREATE TABLE `u...')
#2 C:\xampp\htdocs\wisata-tegal\system\Database\BaseConnection.php(648): CodeIgniter\Database\BaseConnection->simpleQuery('CREATE TABLE `u...')
#3 C:\xampp\htdocs\wisata-tegal\system\Database\Forge.php(570): CodeIgniter\Database\BaseConnection->query('CREATE TABLE `u...')
#4 C:\xampp\htdocs\wisata-tegal\app\Database\Migrations\2024-12-26-215853_CreateUserTable.php(46): CodeIgniter\Database\Forge->createTable('users')
#5 C:\xampp\htdocs\wisata-tegal\system\Database\MigrationRunner.php(867): App\Database\Migrations\CreateUserTable->up()
#6 C:\xampp\htdocs\wisata-tegal\system\Database\MigrationRunner.php(183): CodeIgniter\Database\MigrationRunner->migrate('up', Object(stdClass))
#7 C:\xampp\htdocs\wisata-tegal\system\Commands\Database\Migrate.php(85): CodeIgniter\Database\MigrationRunner->latest(NULL)
#8 C:\xampp\htdocs\wisata-tegal\system\CLI\Commands.php(70): CodeIgniter\Commands\Database\Migrate->run(Array)
#9 C:\xampp\htdocs\wisata-tegal\system\CLI\Console.php(48): CodeIgniter\CLI\Commands->run('migrate', Array)
#10 C:\xampp\htdocs\wisata-tegal\system\Boot.php(351): CodeIgniter\CLI\Console->run()
#11 C:\xampp\htdocs\wisata-tegal\system\Boot.php(104): CodeIgniter\Boot::runCommand(Object(CodeIgniter\CLI\Console))
#12 C:\xampp\htdocs\wisata-tegal\spark(84): CodeIgniter\Boot::bootSpark(Object(Config\Paths))
#13 {main}
ERROR - 2024-12-30 00:18:50 --> mysqli_sql_exception: Table 'users' already exists in C:\xampp\htdocs\wisata-tegal\system\Database\MySQLi\Connection.php:312
Stack trace:
#0 C:\xampp\htdocs\wisata-tegal\system\Database\MySQLi\Connection.php(312): mysqli->query('CREATE TABLE `u...', 0)
#1 C:\xampp\htdocs\wisata-tegal\system\Database\BaseConnection.php(734): CodeIgniter\Database\MySQLi\Connection->execute('CREATE TABLE `u...')
#2 C:\xampp\htdocs\wisata-tegal\system\Database\BaseConnection.php(648): CodeIgniter\Database\BaseConnection->simpleQuery('CREATE TABLE `u...')
#3 C:\xampp\htdocs\wisata-tegal\system\Database\Forge.php(570): CodeIgniter\Database\BaseConnection->query('CREATE TABLE `u...')
#4 C:\xampp\htdocs\wisata-tegal\app\Database\Migrations\2024-12-26-215853_CreateUserTable.php(46): CodeIgniter\Database\Forge->createTable('users')
#5 C:\xampp\htdocs\wisata-tegal\system\Database\MigrationRunner.php(867): App\Database\Migrations\CreateUserTable->up()
#6 C:\xampp\htdocs\wisata-tegal\system\Database\MigrationRunner.php(183): CodeIgniter\Database\MigrationRunner->migrate('up', Object(stdClass))
#7 C:\xampp\htdocs\wisata-tegal\system\Commands\Database\Migrate.php(85): CodeIgniter\Database\MigrationRunner->latest(NULL)
#8 C:\xampp\htdocs\wisata-tegal\system\CLI\Commands.php(70): CodeIgniter\Commands\Database\Migrate->run(Array)
#9 C:\xampp\htdocs\wisata-tegal\system\CLI\Console.php(48): CodeIgniter\CLI\Commands->run('migrate', Array)
#10 C:\xampp\htdocs\wisata-tegal\system\Boot.php(351): CodeIgniter\CLI\Console->run()
#11 C:\xampp\htdocs\wisata-tegal\system\Boot.php(104): CodeIgniter\Boot::runCommand(Object(CodeIgniter\CLI\Console))
#12 C:\xampp\htdocs\wisata-tegal\spark(84): CodeIgniter\Boot::bootSpark(Object(Config\Paths))
#13 {main}
