ERROR - 2024-12-28 02:34:18 --> mysqli_sql_exception: You have an error in your SQL syntax; check the manual that corresponds to your MariaDB server version for the right syntax to use near 'default current_timestamp,
	updated_at timrstamp default current_timestamp on...' at line 9 in C:\xampp\htdocs\wisata-tegal\system\Database\MySQLi\Connection.php:312
Stack trace:
#0 C:\xampp\htdocs\wisata-tegal\system\Database\MySQLi\Connection.php(312): mysqli->query('CREATE TABLE `u...', 0)
#1 C:\xampp\htdocs\wisata-tegal\system\Database\BaseConnection.php(734): CodeIgniter\Database\MySQLi\Connection->execute('CREATE TABLE `u...')
#2 C:\xampp\htdocs\wisata-tegal\system\Database\BaseConnection.php(648): CodeIgniter\Database\BaseConnection->simpleQuery('CREATE TABLE `u...')
#3 C:\xampp\htdocs\wisata-tegal\system\Database\Forge.php(570): CodeIgniter\Database\BaseConnection->query('CREATE TABLE `u...')
#4 C:\xampp\htdocs\wisata-tegal\app\Database\Migrations\2024-12-28-021650_CreateUserTable.php(46): CodeIgniter\Database\Forge->createTable('users')
#5 C:\xampp\htdocs\wisata-tegal\system\Database\MigrationRunner.php(867): App\Database\Migrations\CreateUserTable->up()
#6 C:\xampp\htdocs\wisata-tegal\system\Database\MigrationRunner.php(183): CodeIgniter\Database\MigrationRunner->migrate('up', Object(stdClass))
#7 C:\xampp\htdocs\wisata-tegal\system\Commands\Database\Migrate.php(85): CodeIgniter\Database\MigrationRunner->latest(NULL)
#8 C:\xampp\htdocs\wisata-tegal\system\CLI\Commands.php(70): CodeIgniter\Commands\Database\Migrate->run(Array)
#9 C:\xampp\htdocs\wisata-tegal\system\CLI\Console.php(48): CodeIgniter\CLI\Commands->run('migrate', Array)
#10 C:\xampp\htdocs\wisata-tegal\system\Boot.php(351): CodeIgniter\CLI\Console->run()
#11 C:\xampp\htdocs\wisata-tegal\system\Boot.php(104): CodeIgniter\Boot::runCommand(Object(CodeIgniter\CLI\Console))
#12 C:\xampp\htdocs\wisata-tegal\spark(84): CodeIgniter\Boot::bootSpark(Object(Config\Paths))
#13 {main}
ERROR - 2024-12-28 02:36:33 --> mysqli_sql_exception: You have an error in your SQL syntax; check the manual that corresponds to your MariaDB server version for the right syntax to use near 'default current_timestamp,
	updated_at timrstamp default current_timestamp on...' at line 9 in C:\xampp\htdocs\wisata-tegal\system\Database\MySQLi\Connection.php:312
Stack trace:
#0 C:\xampp\htdocs\wisata-tegal\system\Database\MySQLi\Connection.php(312): mysqli->query('CREATE TABLE `u...', 0)
#1 C:\xampp\htdocs\wisata-tegal\system\Database\BaseConnection.php(734): CodeIgniter\Database\MySQLi\Connection->execute('CREATE TABLE `u...')
#2 C:\xampp\htdocs\wisata-tegal\system\Database\BaseConnection.php(648): CodeIgniter\Database\BaseConnection->simpleQuery('CREATE TABLE `u...')
#3 C:\xampp\htdocs\wisata-tegal\system\Database\Forge.php(570): CodeIgniter\Database\BaseConnection->query('CREATE TABLE `u...')
#4 C:\xampp\htdocs\wisata-tegal\app\Database\Migrations\2024-12-28-021650_CreateUserTable.php(46): CodeIgniter\Database\Forge->createTable('users')
#5 C:\xampp\htdocs\wisata-tegal\system\Database\MigrationRunner.php(867): App\Database\Migrations\CreateUserTable->up()
#6 C:\xampp\htdocs\wisata-tegal\system\Database\MigrationRunner.php(183): CodeIgniter\Database\MigrationRunner->migrate('up', Object(stdClass))
#7 C:\xampp\htdocs\wisata-tegal\system\Commands\Database\Migrate.php(85): CodeIgniter\Database\MigrationRunner->latest(NULL)
#8 C:\xampp\htdocs\wisata-tegal\system\CLI\Commands.php(70): CodeIgniter\Commands\Database\Migrate->run(Array)
#9 C:\xampp\htdocs\wisata-tegal\system\CLI\Console.php(48): CodeIgniter\CLI\Commands->run('migrate', Array)
#10 C:\xampp\htdocs\wisata-tegal\system\Boot.php(351): CodeIgniter\CLI\Console->run()
#11 C:\xampp\htdocs\wisata-tegal\system\Boot.php(104): CodeIgniter\Boot::runCommand(Object(CodeIgniter\CLI\Console))
#12 C:\xampp\htdocs\wisata-tegal\spark(84): CodeIgniter\Boot::bootSpark(Object(Config\Paths))
#13 {main}
ERROR - 2024-12-28 02:38:08 --> mysqli_sql_exception: You have an error in your SQL syntax; check the manual that corresponds to your MariaDB server version for the right syntax to use near 'default current_timestamp,
	updated_at timrstamp default current_timestamp on...' at line 9 in C:\xampp\htdocs\wisata-tegal\system\Database\MySQLi\Connection.php:312
Stack trace:
#0 C:\xampp\htdocs\wisata-tegal\system\Database\MySQLi\Connection.php(312): mysqli->query('CREATE TABLE `u...', 0)
#1 C:\xampp\htdocs\wisata-tegal\system\Database\BaseConnection.php(734): CodeIgniter\Database\MySQLi\Connection->execute('CREATE TABLE `u...')
#2 C:\xampp\htdocs\wisata-tegal\system\Database\BaseConnection.php(648): CodeIgniter\Database\BaseConnection->simpleQuery('CREATE TABLE `u...')
#3 C:\xampp\htdocs\wisata-tegal\system\Database\Forge.php(570): CodeIgniter\Database\BaseConnection->query('CREATE TABLE `u...')
#4 C:\xampp\htdocs\wisata-tegal\app\Database\Migrations\2024-12-28-021650_CreateUserTable.php(46): CodeIgniter\Database\Forge->createTable('users')
#5 C:\xampp\htdocs\wisata-tegal\system\Database\MigrationRunner.php(867): App\Database\Migrations\CreateUserTable->up()
#6 C:\xampp\htdocs\wisata-tegal\system\Database\MigrationRunner.php(183): CodeIgniter\Database\MigrationRunner->migrate('up', Object(stdClass))
#7 C:\xampp\htdocs\wisata-tegal\system\Commands\Database\Migrate.php(85): CodeIgniter\Database\MigrationRunner->latest(NULL)
#8 C:\xampp\htdocs\wisata-tegal\system\CLI\Commands.php(70): CodeIgniter\Commands\Database\Migrate->run(Array)
#9 C:\xampp\htdocs\wisata-tegal\system\CLI\Console.php(48): CodeIgniter\CLI\Commands->run('migrate', Array)
#10 C:\xampp\htdocs\wisata-tegal\system\Boot.php(351): CodeIgniter\CLI\Console->run()
#11 C:\xampp\htdocs\wisata-tegal\system\Boot.php(104): CodeIgniter\Boot::runCommand(Object(CodeIgniter\CLI\Console))
#12 C:\xampp\htdocs\wisata-tegal\spark(84): CodeIgniter\Boot::bootSpark(Object(Config\Paths))
#13 {main}
ERROR - 2024-12-28 02:39:27 --> mysqli_sql_exception: You have an error in your SQL syntax; check the manual that corresponds to your MariaDB server version for the right syntax to use near 'default current_timestamp,
	updated_at timrstamp default current_timestamp on...' at line 9 in C:\xampp\htdocs\wisata-tegal\system\Database\MySQLi\Connection.php:312
Stack trace:
#0 C:\xampp\htdocs\wisata-tegal\system\Database\MySQLi\Connection.php(312): mysqli->query('CREATE TABLE `u...', 0)
#1 C:\xampp\htdocs\wisata-tegal\system\Database\BaseConnection.php(734): CodeIgniter\Database\MySQLi\Connection->execute('CREATE TABLE `u...')
#2 C:\xampp\htdocs\wisata-tegal\system\Database\BaseConnection.php(648): CodeIgniter\Database\BaseConnection->simpleQuery('CREATE TABLE `u...')
#3 C:\xampp\htdocs\wisata-tegal\system\Database\Forge.php(570): CodeIgniter\Database\BaseConnection->query('CREATE TABLE `u...')
#4 C:\xampp\htdocs\wisata-tegal\app\Database\Migrations\2024-12-28-021650_CreateUserTable.php(46): CodeIgniter\Database\Forge->createTable('users')
#5 C:\xampp\htdocs\wisata-tegal\system\Database\MigrationRunner.php(867): App\Database\Migrations\CreateUserTable->up()
#6 C:\xampp\htdocs\wisata-tegal\system\Database\MigrationRunner.php(183): CodeIgniter\Database\MigrationRunner->migrate('up', Object(stdClass))
#7 C:\xampp\htdocs\wisata-tegal\system\Commands\Database\Migrate.php(85): CodeIgniter\Database\MigrationRunner->latest(NULL)
#8 C:\xampp\htdocs\wisata-tegal\system\CLI\Commands.php(70): CodeIgniter\Commands\Database\Migrate->run(Array)
#9 C:\xampp\htdocs\wisata-tegal\system\CLI\Console.php(48): CodeIgniter\CLI\Commands->run('migrate', Array)
#10 C:\xampp\htdocs\wisata-tegal\system\Boot.php(351): CodeIgniter\CLI\Console->run()
#11 C:\xampp\htdocs\wisata-tegal\system\Boot.php(104): CodeIgniter\Boot::runCommand(Object(CodeIgniter\CLI\Console))
#12 C:\xampp\htdocs\wisata-tegal\spark(84): CodeIgniter\Boot::bootSpark(Object(Config\Paths))
#13 {main}
ERROR - 2024-12-28 02:40:51 --> mysqli_sql_exception: You have an error in your SQL syntax; check the manual that corresponds to your MariaDB server version for the right syntax to use near 'default current_timestamp,
	updated_at timrstamp default current_timestamp on...' at line 9 in C:\xampp\htdocs\wisata-tegal\system\Database\MySQLi\Connection.php:312
Stack trace:
#0 C:\xampp\htdocs\wisata-tegal\system\Database\MySQLi\Connection.php(312): mysqli->query('CREATE TABLE `u...', 0)
#1 C:\xampp\htdocs\wisata-tegal\system\Database\BaseConnection.php(734): CodeIgniter\Database\MySQLi\Connection->execute('CREATE TABLE `u...')
#2 C:\xampp\htdocs\wisata-tegal\system\Database\BaseConnection.php(648): CodeIgniter\Database\BaseConnection->simpleQuery('CREATE TABLE `u...')
#3 C:\xampp\htdocs\wisata-tegal\system\Database\Forge.php(570): CodeIgniter\Database\BaseConnection->query('CREATE TABLE `u...')
#4 C:\xampp\htdocs\wisata-tegal\app\Database\Migrations\2024-12-28-021650_CreateUserTable.php(46): CodeIgniter\Database\Forge->createTable('users')
#5 C:\xampp\htdocs\wisata-tegal\system\Database\MigrationRunner.php(867): App\Database\Migrations\CreateUserTable->up()
#6 C:\xampp\htdocs\wisata-tegal\system\Database\MigrationRunner.php(183): CodeIgniter\Database\MigrationRunner->migrate('up', Object(stdClass))
#7 C:\xampp\htdocs\wisata-tegal\system\Commands\Database\Migrate.php(85): CodeIgniter\Database\MigrationRunner->latest(NULL)
#8 C:\xampp\htdocs\wisata-tegal\system\CLI\Commands.php(70): CodeIgniter\Commands\Database\Migrate->run(Array)
#9 C:\xampp\htdocs\wisata-tegal\system\CLI\Console.php(48): CodeIgniter\CLI\Commands->run('migrate', Array)
#10 C:\xampp\htdocs\wisata-tegal\system\Boot.php(351): CodeIgniter\CLI\Console->run()
#11 C:\xampp\htdocs\wisata-tegal\system\Boot.php(104): CodeIgniter\Boot::runCommand(Object(CodeIgniter\CLI\Console))
#12 C:\xampp\htdocs\wisata-tegal\spark(84): CodeIgniter\Boot::bootSpark(Object(Config\Paths))
#13 {main}
ERROR - 2024-12-28 02:43:57 --> mysqli_sql_exception: You have an error in your SQL syntax; check the manual that corresponds to your MariaDB server version for the right syntax to use near 'default current_timestamp,
	updated_at timrstamp default current_timestamp on...' at line 9 in C:\xampp\htdocs\wisata-tegal\system\Database\MySQLi\Connection.php:312
Stack trace:
#0 C:\xampp\htdocs\wisata-tegal\system\Database\MySQLi\Connection.php(312): mysqli->query('CREATE TABLE `u...', 0)
#1 C:\xampp\htdocs\wisata-tegal\system\Database\BaseConnection.php(734): CodeIgniter\Database\MySQLi\Connection->execute('CREATE TABLE `u...')
#2 C:\xampp\htdocs\wisata-tegal\system\Database\BaseConnection.php(648): CodeIgniter\Database\BaseConnection->simpleQuery('CREATE TABLE `u...')
#3 C:\xampp\htdocs\wisata-tegal\system\Database\Forge.php(570): CodeIgniter\Database\BaseConnection->query('CREATE TABLE `u...')
#4 C:\xampp\htdocs\wisata-tegal\app\Database\Migrations\2024-12-28-021650_CreateUserTable.php(46): CodeIgniter\Database\Forge->createTable('users')
#5 C:\xampp\htdocs\wisata-tegal\system\Database\MigrationRunner.php(867): App\Database\Migrations\CreateUserTable->up()
#6 C:\xampp\htdocs\wisata-tegal\system\Database\MigrationRunner.php(183): CodeIgniter\Database\MigrationRunner->migrate('up', Object(stdClass))
#7 C:\xampp\htdocs\wisata-tegal\system\Commands\Database\Migrate.php(85): CodeIgniter\Database\MigrationRunner->latest(NULL)
#8 C:\xampp\htdocs\wisata-tegal\system\CLI\Commands.php(70): CodeIgniter\Commands\Database\Migrate->run(Array)
#9 C:\xampp\htdocs\wisata-tegal\system\CLI\Console.php(48): CodeIgniter\CLI\Commands->run('migrate', Array)
#10 C:\xampp\htdocs\wisata-tegal\system\Boot.php(351): CodeIgniter\CLI\Console->run()
#11 C:\xampp\htdocs\wisata-tegal\system\Boot.php(104): CodeIgniter\Boot::runCommand(Object(CodeIgniter\CLI\Console))
#12 C:\xampp\htdocs\wisata-tegal\spark(84): CodeIgniter\Boot::bootSpark(Object(Config\Paths))
#13 {main}
ERROR - 2024-12-28 02:45:04 --> mysqli_sql_exception: You have an error in your SQL syntax; check the manual that corresponds to your MariaDB server version for the right syntax to use near 'default current_timestamp,
	updated_at timrstamp default current_timestamp on...' at line 9 in C:\xampp\htdocs\wisata-tegal\system\Database\MySQLi\Connection.php:312
Stack trace:
#0 C:\xampp\htdocs\wisata-tegal\system\Database\MySQLi\Connection.php(312): mysqli->query('CREATE TABLE `u...', 0)
#1 C:\xampp\htdocs\wisata-tegal\system\Database\BaseConnection.php(734): CodeIgniter\Database\MySQLi\Connection->execute('CREATE TABLE `u...')
#2 C:\xampp\htdocs\wisata-tegal\system\Database\BaseConnection.php(648): CodeIgniter\Database\BaseConnection->simpleQuery('CREATE TABLE `u...')
#3 C:\xampp\htdocs\wisata-tegal\system\Database\Forge.php(570): CodeIgniter\Database\BaseConnection->query('CREATE TABLE `u...')
#4 C:\xampp\htdocs\wisata-tegal\app\Database\Migrations\2024-12-28-021650_CreateUserTable.php(46): CodeIgniter\Database\Forge->createTable('users')
#5 C:\xampp\htdocs\wisata-tegal\system\Database\MigrationRunner.php(867): App\Database\Migrations\CreateUserTable->up()
#6 C:\xampp\htdocs\wisata-tegal\system\Database\MigrationRunner.php(183): CodeIgniter\Database\MigrationRunner->migrate('up', Object(stdClass))
#7 C:\xampp\htdocs\wisata-tegal\system\Commands\Database\Migrate.php(85): CodeIgniter\Database\MigrationRunner->latest(NULL)
#8 C:\xampp\htdocs\wisata-tegal\system\CLI\Commands.php(70): CodeIgniter\Commands\Database\Migrate->run(Array)
#9 C:\xampp\htdocs\wisata-tegal\system\CLI\Console.php(48): CodeIgniter\CLI\Commands->run('migrate', Array)
#10 C:\xampp\htdocs\wisata-tegal\system\Boot.php(351): CodeIgniter\CLI\Console->run()
#11 C:\xampp\htdocs\wisata-tegal\system\Boot.php(104): CodeIgniter\Boot::runCommand(Object(CodeIgniter\CLI\Console))
#12 C:\xampp\htdocs\wisata-tegal\spark(84): CodeIgniter\Boot::bootSpark(Object(Config\Paths))
#13 {main}
ERROR - 2024-12-28 02:49:19 --> mysqli_sql_exception: You have an error in your SQL syntax; check the manual that corresponds to your MariaDB server version for the right syntax to use near 'default current_timestamp,
	updated_at timrstamp default current_timestamp on...' at line 9 in C:\xampp\htdocs\wisata-tegal\system\Database\MySQLi\Connection.php:312
Stack trace:
#0 C:\xampp\htdocs\wisata-tegal\system\Database\MySQLi\Connection.php(312): mysqli->query('CREATE TABLE `u...', 0)
#1 C:\xampp\htdocs\wisata-tegal\system\Database\BaseConnection.php(734): CodeIgniter\Database\MySQLi\Connection->execute('CREATE TABLE `u...')
#2 C:\xampp\htdocs\wisata-tegal\system\Database\BaseConnection.php(648): CodeIgniter\Database\BaseConnection->simpleQuery('CREATE TABLE `u...')
#3 C:\xampp\htdocs\wisata-tegal\system\Database\Forge.php(570): CodeIgniter\Database\BaseConnection->query('CREATE TABLE `u...')
#4 C:\xampp\htdocs\wisata-tegal\app\Database\Migrations\2024-12-28-021650_CreateUserTable.php(47): CodeIgniter\Database\Forge->createTable('users')
#5 C:\xampp\htdocs\wisata-tegal\system\Database\MigrationRunner.php(867): App\Database\Migrations\CreateUserTable->up()
#6 C:\xampp\htdocs\wisata-tegal\system\Database\MigrationRunner.php(183): CodeIgniter\Database\MigrationRunner->migrate('up', Object(stdClass))
#7 C:\xampp\htdocs\wisata-tegal\system\Commands\Database\Migrate.php(85): CodeIgniter\Database\MigrationRunner->latest(NULL)
#8 C:\xampp\htdocs\wisata-tegal\system\CLI\Commands.php(70): CodeIgniter\Commands\Database\Migrate->run(Array)
#9 C:\xampp\htdocs\wisata-tegal\system\CLI\Console.php(48): CodeIgniter\CLI\Commands->run('migrate', Array)
#10 C:\xampp\htdocs\wisata-tegal\system\Boot.php(351): CodeIgniter\CLI\Console->run()
#11 C:\xampp\htdocs\wisata-tegal\system\Boot.php(104): CodeIgniter\Boot::runCommand(Object(CodeIgniter\CLI\Console))
#12 C:\xampp\htdocs\wisata-tegal\spark(84): CodeIgniter\Boot::bootSpark(Object(Config\Paths))
#13 {main}
